TN:
SF:src\App.jsx
FN:6,(anonymous_0)
FN:9,(anonymous_1)
FN:18,MealForm
FN:23,(anonymous_3)
FN:36,(anonymous_4)
FN:92,ExerciseForm
FN:97,(anonymous_6)
FN:109,(anonymous_7)
FN:133,(anonymous_8)
FN:156,MealsTable
FN:178,(anonymous_10)
FN:185,(anonymous_11)
FN:188,(anonymous_12)
FN:203,ExerciseTable
FN:224,(anonymous_14)
FN:230,(anonymous_15)
FN:233,(anonymous_16)
FN:248,App
FN:255,(anonymous_18)
FN:271,(anonymous_19)
FN:275,(anonymous_20)
FN:290,(anonymous_21)
FN:305,(anonymous_22)
FN:316,(anonymous_23)
FN:327,(anonymous_24)
FN:329,(anonymous_25)
FN:332,(anonymous_26)
FN:333,(anonymous_27)
FN:357,(anonymous_28)
FN:362,(anonymous_29)
FN:411,(anonymous_30)
FN:416,(anonymous_31)
FNF:32
FNH:11
FNDA:8,(anonymous_0)
FNDA:0,(anonymous_1)
FNDA:3,MealForm
FNDA:1,(anonymous_3)
FNDA:0,(anonymous_4)
FNDA:3,ExerciseForm
FNDA:1,(anonymous_6)
FNDA:0,(anonymous_7)
FNDA:12,(anonymous_8)
FNDA:1,MealsTable
FNDA:0,(anonymous_10)
FNDA:0,(anonymous_11)
FNDA:0,(anonymous_12)
FNDA:1,ExerciseTable
FNDA:0,(anonymous_14)
FNDA:0,(anonymous_15)
FNDA:0,(anonymous_16)
FNDA:2,App
FNDA:1,(anonymous_18)
FNDA:1,(anonymous_19)
FNDA:0,(anonymous_20)
FNDA:0,(anonymous_21)
FNDA:0,(anonymous_22)
FNDA:0,(anonymous_23)
FNDA:0,(anonymous_24)
FNDA:0,(anonymous_25)
FNDA:0,(anonymous_26)
FNDA:0,(anonymous_27)
FNDA:0,(anonymous_28)
FNDA:0,(anonymous_29)
FNDA:0,(anonymous_30)
FNDA:0,(anonymous_31)
DA:6,8
DA:7,1
DA:8,1
DA:9,1
DA:11,1
DA:19,3
DA:23,3
DA:24,1
DA:25,0
DA:32,1
DA:36,3
DA:38,3
DA:93,3
DA:97,3
DA:98,1
DA:99,0
DA:105,1
DA:109,3
DA:110,0
DA:117,3
DA:134,12
DA:157,1
DA:179,0
DA:185,0
DA:188,0
DA:204,1
DA:225,0
DA:230,0
DA:233,0
DA:249,2
DA:250,2
DA:251,2
DA:252,2
DA:253,2
DA:255,2
DA:256,1
DA:257,1
DA:258,1
DA:262,0
DA:263,0
DA:265,1
DA:267,1
DA:271,2
DA:272,1
DA:275,2
DA:276,0
DA:277,0
DA:278,0
DA:280,0
DA:282,0
DA:283,0
DA:285,0
DA:286,0
DA:290,2
DA:291,0
DA:292,0
DA:293,0
DA:295,0
DA:297,0
DA:298,0
DA:300,0
DA:301,0
DA:305,2
DA:306,0
DA:307,0
DA:308,0
DA:309,0
DA:311,0
DA:312,0
DA:316,2
DA:317,0
DA:318,0
DA:319,0
DA:320,0
DA:322,0
DA:323,0
DA:327,2
DA:328,2
DA:329,2
DA:330,2
DA:332,2
DA:333,2
DA:335,2
DA:357,0
DA:362,0
DA:411,0
DA:416,0
LF:87
LH:44
BRDA:24,0,0,0
BRDA:24,0,1,1
BRDA:49,1,0,3
BRDA:49,1,1,0
BRDA:58,2,0,3
BRDA:58,2,1,0
BRDA:68,3,0,3
BRDA:68,3,1,0
BRDA:78,4,0,3
BRDA:78,4,1,0
BRDA:81,5,0,3
BRDA:81,5,1,0
BRDA:83,6,0,0
BRDA:83,6,1,3
BRDA:98,7,0,0
BRDA:98,7,1,1
BRDA:101,8,0,0
BRDA:101,8,1,0
BRDA:128,9,0,3
BRDA:128,9,1,0
BRDA:137,10,0,3
BRDA:137,10,1,0
BRDA:142,11,0,3
BRDA:142,11,1,0
BRDA:145,12,0,3
BRDA:145,12,1,0
BRDA:173,13,0,1
BRDA:173,13,1,0
BRDA:219,14,0,1
BRDA:219,14,1,0
BRDA:277,15,0,0
BRDA:277,15,1,0
BRDA:292,16,0,0
BRDA:292,16,1,0
BRDA:306,17,0,0
BRDA:306,17,1,0
BRDA:317,18,0,0
BRDA:317,18,1,0
BRDA:327,19,0,0
BRDA:327,19,1,0
BRDA:329,20,0,0
BRDA:329,20,1,0
BRDA:332,21,0,0
BRDA:332,21,1,0
BRDA:332,22,0,0
BRDA:332,22,1,0
BRDA:333,23,0,0
BRDA:333,23,1,0
BRDA:333,24,0,0
BRDA:333,24,1,0
BRDA:345,25,0,0
BRDA:345,25,1,2
BRDA:380,26,0,2
BRDA:380,26,1,2
BRDA:385,27,0,2
BRDA:385,27,1,2
BRDA:389,28,0,0
BRDA:389,28,1,2
BRDA:390,29,0,0
BRDA:390,29,1,2
BRDA:393,30,0,0
BRDA:393,30,1,2
BRDA:398,31,0,0
BRDA:398,31,1,2
BRDA:399,32,0,0
BRDA:399,32,1,2
BRDA:402,33,0,0
BRDA:402,33,1,2
BRF:68
BRH:25
end_of_record
TN:
SF:src\index.css
FNF:0
FNH:0
LF:0
LH:0
BRF:0
BRH:0
end_of_record
